

Microchip MPLAB XC8 Assembler V2.10 build 88905656 
                                                                                               Wed Jan 15 21:47:03 2020

Microchip MPLAB XC8 C Compiler v2.10 (Free license) build 20190730164152 Og1 
     1                           	processor	18F4520
     2                           	fnconf	rparam,??,?,0
     3                           	opt	pw 120
     4                           	opt	flic
     5                           	psect	cinit,global,reloc=2,class=CODE,delta=1
     6                           	psect	bssCOMRAM,global,class=COMRAM,space=1,delta=1,noexec
     7                           	psect	cstackCOMRAM,global,class=COMRAM,space=1,delta=1,noexec
     8                           	psect	text0,global,reloc=2,class=CODE,delta=1
     9                           	psect	intcode,global,reloc=2,class=CODE,delta=1
    10                           	psect	intcode_body,global,reloc=2,class=CODE,delta=1
    11                           	psect	intsave_regs,global,class=BIGRAM,space=1,delta=1,noexec
    12                           	psect	rparam,global,class=COMRAM,space=1,delta=1,noexec
    13                           	psect	temp,global,ovrld,common,class=COMRAM,space=1,delta=1
    14  0000                     
    15                           ; Version 2.10
    16                           ; Generated 31/07/2019 GMT
    17                           ; 
    18                           ; Copyright © 2019, Microchip Technology Inc. and its subsidiaries ("Microchip")
    19                           ; All rights reserved.
    20                           ; 
    21                           ; This software is developed by Microchip Technology Inc. and its subsidiaries ("Microch
      +                          ip").
    22                           ; 
    23                           ; Redistribution and use in source and binary forms, with or without modification, are
    24                           ; permitted provided that the following conditions are met:
    25                           ; 
    26                           ;     1. Redistributions of source code must retain the above copyright notice, this lis
      +                          t of
    27                           ;        conditions and the following disclaimer.
    28                           ; 
    29                           ;     2. Redistributions in binary form must reproduce the above copyright notice, this 
      +                          list
    30                           ;        of conditions and the following disclaimer in the documentation and/or other
    31                           ;        materials provided with the distribution.
    32                           ; 
    33                           ;     3. Microchip's name may not be used to endorse or promote products derived from th
      +                          is
    34                           ;        software without specific prior written permission.
    35                           ; 
    36                           ; THIS SOFTWARE IS PROVIDED BY MICROCHIP "AS IS" AND ANY EXPRESS OR IMPLIED WARRANTIES,
    37                           ; INCLUDING, BUT NOT LIMITED TO, THE IMPLIED WARRANTIES OF MERCHANTABILITY AND FITNESS F
      +                          OR
    38                           ; PURPOSE ARE DISCLAIMED.  IN NO EVENT SHALL MICROCHIP BE LIABLE FOR ANY DIRECT, INDIREC
      +                          T,
    39                           ; INCIDENTAL, SPECIAL, EXEMPLARY, OR CONSEQUENTIAL DAMAGES (INCLUDING BUT NOT LIMITED TO
    40                           ; PROCUREMENT OF SUBSTITUTE GOODS OR SERVICES; LOSS OF USE, DATA OR PROFITS; OR BUSINESS
    41                           ; INTERRUPTION) HOWSOEVER CAUSED AND ON ANY THEORY OF LIABILITY, WHETHER IN CONTRACT, ST
      +                          RICT
    42                           ; LIABILITY, OR TORT (INCLUDING NEGLIGENCE OR OTHERWISE) ARISING IN ANY WAY OUT OF THE U
      +                          SE OF
    43                           ; THIS SOFTWARE, EVEN IF ADVISED OF THE POSSIBILITY OF SUCH DAMAGE.
    44                           ; 
    45                           ; 
    46                           ; Code-generator required, PIC18F4520 Definitions
    47                           ; 
    48                           ; SFR Addresses
    49  0000                     _PORTDbits	set	3971
    50  0000                     _PORTBbits	set	3969
    51  0000                     _TRISDbits	set	3989
    52  0000                     _TRISD	set	3989
    53  0000                     _TRISC	set	3988
    54  0000                     _PORTB	set	3969
    55  0000                     _TRISBbits	set	3987
    56  0000                     _LATDbits	set	3980
    57  0000                     _CCPR1L	set	4030
    58  0000                     _CCP1CONbits	set	4029
    59  0000                     _PR2	set	4043
    60  0000                     _T2CONbits	set	4042
    61  0000                     _OSCCONbits	set	4051
    62  0000                     _RCONbits	set	4048
    63  0000                     _INTCONbits	set	4082
    64                           
    65                           ; #config settings
    66  0000                     
    67                           	psect	cinit
    68  0000FC                     __pcinit:
    69                           	opt callstack 0
    70  0000FC                     start_initialization:
    71                           	opt callstack 0
    72  0000FC                     __initialization:
    73                           	opt callstack 0
    74                           
    75                           ; Clear objects allocated to COMRAM (6 bytes)
    76  0000FC  6A06               	clrf	(__pbssCOMRAM+5)& (0+255),c
    77  0000FE  6A05               	clrf	(__pbssCOMRAM+4)& (0+255),c
    78  000100  6A04               	clrf	(__pbssCOMRAM+3)& (0+255),c
    79  000102  6A03               	clrf	(__pbssCOMRAM+2)& (0+255),c
    80  000104  6A02               	clrf	(__pbssCOMRAM+1)& (0+255),c
    81  000106  6A01               	clrf	__pbssCOMRAM& (0+255),c
    82  000108                     end_of_initialization:
    83                           	opt callstack 0
    84  000108                     __end_of__initialization:
    85                           	opt callstack 0
    86  000108  9007               	bcf	int$flags,0,c	;clear compiler interrupt flag (level 1)
    87  00010A  9207               	bcf	int$flags,1,c	;clear compiler interrupt flag (level 2)
    88  00010C  0100               	movlb	0
    89  00010E  EF09  F000         	goto	_main	;jump to C main() function
    90                           
    91                           	psect	bssCOMRAM
    92  000001                     __pbssCOMRAM:
    93                           	opt callstack 0
    94  000001                     _k:
    95                           	opt callstack 0
    96  000001                     	ds	2
    97  000003                     _j:
    98                           	opt callstack 0
    99  000003                     	ds	2
   100  000005                     _i:
   101                           	opt callstack 0
   102  000005                     	ds	2
   103                           
   104                           	psect	cstackCOMRAM
   105  000000                     __pcstackCOMRAM:
   106                           	opt callstack 0
   107  000000                     
   108                           ; 1 bytes @ 0x0
   109 ;;
   110 ;;Main: autosize = 0, tempsize = 0, incstack = 0, save=0
   111 ;;
   112 ;; *************** function _main *****************
   113 ;; Defined at:
   114 ;;		line 75 in file "final.c"
   115 ;; Parameters:    Size  Location     Type
   116 ;;		None
   117 ;; Auto vars:     Size  Location     Type
   118 ;;		None
   119 ;; Return value:  Size  Location     Type
   120 ;;                  1    wreg      void 
   121 ;; Registers used:
   122 ;;		wreg, status,2, status,0
   123 ;; Tracked objects:
   124 ;;		On entry : 0/0
   125 ;;		On exit  : 0/0
   126 ;;		Unchanged: 0/0
   127 ;; Data sizes:     COMRAM   BANK0   BANK1   BANK2   BANK3   BANK4   BANK5
   128 ;;      Params:         0       0       0       0       0       0       0
   129 ;;      Locals:         0       0       0       0       0       0       0
   130 ;;      Temps:          0       0       0       0       0       0       0
   131 ;;      Totals:         0       0       0       0       0       0       0
   132 ;;Total ram usage:        0 bytes
   133 ;; Hardware stack levels required when called:    1
   134 ;; This function calls:
   135 ;;		Nothing
   136 ;; This function is called by:
   137 ;;		Startup code after reset
   138 ;; This function uses a non-reentrant model
   139 ;;
   140                           
   141                           	psect	text0
   142  000012                     __ptext0:
   143                           	opt callstack 0
   144  000012                     _main:
   145                           	opt callstack 30
   146  000012                     
   147                           ;final.c: 76:     LATDbits.LATD3 = 0;
   148  000012  968C               	bcf	140,3,c	;volatile
   149                           
   150                           ;final.c: 77:     RCONbits.IPEN = 1;
   151  000014  8ED0               	bsf	208,7,c	;volatile
   152                           
   153                           ;final.c: 78:     INTCONbits.GIE = 1;
   154  000016  8EF2               	bsf	242,7,c	;volatile
   155                           
   156                           ;final.c: 79:     INTCONbits.INT0E = 1;
   157  000018  88F2               	bsf	242,4,c	;volatile
   158                           
   159                           ;final.c: 80:     INTCONbits.INT0F = 0;
   160  00001A  92F2               	bcf	242,1,c	;volatile
   161                           
   162                           ;final.c: 81:     TRISBbits.RB0 = 1;
   163  00001C  8093               	bsf	147,0,c	;volatile
   164  00001E                     
   165                           ;final.c: 82:     PORTB = 0x00;
   166  00001E  0E00               	movlw	0
   167  000020  6E81               	movwf	129,c	;volatile
   168                           
   169                           ;final.c: 83:     TRISC = 0x00;
   170  000022  0E00               	movlw	0
   171  000024  6E94               	movwf	148,c	;volatile
   172                           
   173                           ;final.c: 84:     TRISD = 0x00;
   174  000026  0E00               	movlw	0
   175  000028  6E95               	movwf	149,c	;volatile
   176  00002A                     
   177                           ;final.c: 85:     TRISDbits.RD0 = 1;
   178  00002A  8095               	bsf	149,0,c	;volatile
   179  00002C                     
   180                           ;final.c: 86:     TRISDbits.RD1 = 1;
   181  00002C  8295               	bsf	149,1,c	;volatile
   182  00002E                     
   183                           ;final.c: 87:     OSCCONbits.IRCF2 = 0;
   184  00002E  9CD3               	bcf	211,6,c	;volatile
   185  000030                     
   186                           ;final.c: 88:     OSCCONbits.IRCF1 = 0;
   187  000030  9AD3               	bcf	211,5,c	;volatile
   188  000032                     
   189                           ;final.c: 89:     OSCCONbits.IRCF0 = 1;
   190  000032  88D3               	bsf	211,4,c	;volatile
   191  000034                     
   192                           ;final.c: 91:     T2CONbits.TMR2ON = 1;
   193  000034  84CA               	bsf	202,2,c	;volatile
   194  000036                     
   195                           ;final.c: 93:     PR2 = 0xff;
   196  000036  68CB               	setf	203,c	;volatile
   197                           
   198                           ;final.c: 95:     CCP1CONbits.CCP1M = 12;
   199  000038  50BD               	movf	189,w,c	;volatile
   200  00003A  0BF0               	andlw	-16
   201  00003C  090C               	iorlw	12
   202  00003E  6EBD               	movwf	189,c	;volatile
   203                           
   204                           ;final.c: 96:     CCP1CONbits.DC1B = 0;
   205  000040  0ECF               	movlw	-49
   206  000042  16BD               	andwf	189,f,c	;volatile
   207                           
   208                           ;final.c: 97:     CCPR1L = 0x00;
   209  000044  0E00               	movlw	0
   210  000046  6EBE               	movwf	190,c	;volatile
   211                           
   212                           ;final.c: 98:     j=0;
   213  000048  0E00               	movlw	0
   214  00004A  6E04               	movwf	(_j+1)^0,c
   215  00004C  0E00               	movlw	0
   216  00004E  6E03               	movwf	_j^0,c
   217                           
   218                           ;final.c: 99:     i=0;
   219  000050  0E00               	movlw	0
   220  000052  6E06               	movwf	(_i+1)^0,c
   221  000054  0E00               	movlw	0
   222  000056  6E05               	movwf	_i^0,c
   223  000058                     l753:
   224                           
   225                           ;final.c: 114:         if(PORTBbits.RB0==1){
   226  000058  A081               	btfss	129,0,c	;volatile
   227  00005A  EF31  F000         	goto	u11
   228  00005E  EF33  F000         	goto	u10
   229  000062                     u11:
   230  000062  EF4B  F000         	goto	l767
   231  000066                     u10:
   232  000066                     
   233                           ;final.c: 115:             if(i<255)i++;
   234  000066  BE06               	btfsc	(_i+1)^0,7,c
   235  000068  EF40  F000         	goto	u20
   236  00006C  5006               	movf	(_i+1)^0,w,c
   237  00006E  E106               	bnz	u21
   238  000070  2805               	incf	_i^0,w,c
   239  000072  B0D8               	btfsc	status,0,c
   240  000074  EF3E  F000         	goto	u21
   241  000078  EF40  F000         	goto	u20
   242  00007C                     u21:
   243  00007C  EF42  F000         	goto	l759
   244  000080                     u20:
   245  000080  4A05               	infsnz	_i^0,f,c
   246  000082  2A06               	incf	(_i+1)^0,f,c
   247  000084                     l759:
   248                           
   249                           ;final.c: 116:             CCPR1L = i;
   250  000084  C005  FFBE         	movff	_i,4030	;volatile
   251  000088                     
   252                           ;final.c: 117:             _delay((unsigned long)((10)*(125000/4000.0)));
   253  000088  0E68               	movlw	104
   254  00008A                     u67:
   255  00008A  2EE8               	decfsz	wreg,f,c
   256  00008C  D7FE               	bra	u67
   257  00008E                     
   258                           ;final.c: 118:             LATDbits.LATD2 = 1;
   259  00008E  848C               	bsf	140,2,c	;volatile
   260  000090                     
   261                           ;final.c: 119:             LATDbits.LATD3 = 1;
   262  000090  868C               	bsf	140,3,c	;volatile
   263                           
   264                           ;final.c: 120:         }else{
   265  000092  EF2C  F000         	goto	l753
   266  000096                     l767:
   267                           
   268                           ;final.c: 121:             i = 0;
   269  000096  0E00               	movlw	0
   270  000098  6E06               	movwf	(_i+1)^0,c
   271  00009A  0E00               	movlw	0
   272  00009C  6E05               	movwf	_i^0,c
   273  00009E                     
   274                           ;final.c: 122:             CCPR1L = i;
   275  00009E  C005  FFBE         	movff	_i,4030	;volatile
   276  0000A2                     
   277                           ;final.c: 123:             if(PORTDbits.RD1==1) {
   278  0000A2  A283               	btfss	131,1,c	;volatile
   279  0000A4  EF56  F000         	goto	u31
   280  0000A8  EF58  F000         	goto	u30
   281  0000AC                     u31:
   282  0000AC  EF5C  F000         	goto	l47
   283  0000B0                     u30:
   284  0000B0                     
   285                           ;final.c: 124:                 LATDbits.LATD2 = 1;
   286  0000B0  848C               	bsf	140,2,c	;volatile
   287                           
   288                           ;final.c: 125:                 LATDbits.LATD3 = 0;
   289  0000B2  968C               	bcf	140,3,c	;volatile
   290                           
   291                           ;final.c: 126:             }
   292  0000B4  EF2C  F000         	goto	l753
   293  0000B8                     l47:
   294  0000B8  A083               	btfss	131,0,c	;volatile
   295  0000BA  EF61  F000         	goto	u41
   296  0000BE  EF63  F000         	goto	u40
   297  0000C2                     u41:
   298  0000C2  EF67  F000         	goto	l49
   299  0000C6                     u40:
   300  0000C6                     
   301                           ;final.c: 128:                 LATDbits.LATD2 = 0;
   302  0000C6  948C               	bcf	140,2,c	;volatile
   303                           
   304                           ;final.c: 129:                 LATDbits.LATD3 = 1;
   305  0000C8  868C               	bsf	140,3,c	;volatile
   306                           
   307                           ;final.c: 130:             }else{
   308  0000CA  EF2C  F000         	goto	l753
   309  0000CE                     l49:
   310                           
   311                           ;final.c: 131:                 LATDbits.LATD2 = 0;
   312  0000CE  948C               	bcf	140,2,c	;volatile
   313                           
   314                           ;final.c: 132:                 LATDbits.LATD3 = 0;
   315  0000D0  968C               	bcf	140,3,c	;volatile
   316  0000D2  EF2C  F000         	goto	l753
   317  0000D6  EF07  F000         	goto	start
   318  0000DA                     __end_of_main:
   319                           	opt callstack 0
   320                           
   321 ;; *************** function _Hi_ISR *****************
   322 ;; Defined at:
   323 ;;		line 138 in file "final.c"
   324 ;; Parameters:    Size  Location     Type
   325 ;;		None
   326 ;; Auto vars:     Size  Location     Type
   327 ;;		None
   328 ;; Return value:  Size  Location     Type
   329 ;;                  1    wreg      void 
   330 ;; Registers used:
   331 ;;		wreg, status,2
   332 ;; Tracked objects:
   333 ;;		On entry : 0/0
   334 ;;		On exit  : 0/0
   335 ;;		Unchanged: 0/0
   336 ;; Data sizes:     COMRAM   BANK0   BANK1   BANK2   BANK3   BANK4   BANK5
   337 ;;      Params:         0       0       0       0       0       0       0
   338 ;;      Locals:         0       0       0       0       0       0       0
   339 ;;      Temps:          0       0       0       0       0       0       0
   340 ;;      Totals:         0       0       0       0       0       0       0
   341 ;;Total ram usage:        0 bytes
   342 ;; Hardware stack levels used:    1
   343 ;; This function calls:
   344 ;;		Nothing
   345 ;; This function is called by:
   346 ;;		Interrupt level 2
   347 ;; This function uses a non-reentrant model
   348 ;;
   349                           
   350                           	psect	intcode
   351  000008                     __pintcode:
   352                           	opt callstack 0
   353  000008                     _Hi_ISR:
   354                           	opt callstack 30
   355                           
   356                           ;incstack = 0
   357  000008  8207               	bsf	int$flags,1,c	;set compiler interrupt flag (level 2)
   358  00000A  ED6D  F000         	call	int_func,f	;refresh shadow registers
   359                           
   360                           	psect	intcode_body
   361  0000DA                     __pintcode_body:
   362                           	opt callstack 30
   363  0000DA                     int_func:
   364                           	opt callstack 30
   365  0000DA  0006               	pop		; remove dummy address from shadow register refresh
   366  0000DC                     
   367                           ;final.c: 140:     if(PORTBbits.RB0==1) {
   368  0000DC  A081               	btfss	129,0,c	;volatile
   369  0000DE  EF73  F000         	goto	i2u5_41
   370  0000E2  EF75  F000         	goto	i2u5_40
   371  0000E6                     i2u5_41:
   372  0000E6  EF79  F000         	goto	i2l781
   373  0000EA                     i2u5_40:
   374  0000EA                     
   375                           ;final.c: 141:         i = 0;
   376  0000EA  0E00               	movlw	0
   377  0000EC  6E06               	movwf	(_i+1)^0,c
   378  0000EE  0E00               	movlw	0
   379  0000F0  6E05               	movwf	_i^0,c
   380  0000F2                     i2l781:
   381                           
   382                           ;final.c: 145:     INTCONbits.INT0IF = 0;
   383  0000F2  92F2               	bcf	242,1,c	;volatile
   384                           
   385                           ;final.c: 146:     PORTB = 0x00;
   386  0000F4  0E00               	movlw	0
   387  0000F6  6E81               	movwf	129,c	;volatile
   388  0000F8  9207               	bcf	int$flags,1,c	;clear compiler interrupt flag (level 2)
   389  0000FA  0011               	retfie		f
   390  0000FC                     __end_of_Hi_ISR:
   391                           	opt callstack 0
   392  0000                     
   393                           	psect	rparam
   394  0000                     
   395                           	psect	temp
   396  000007                     btemp:
   397                           	opt callstack 0
   398  000007                     	ds	1
   399  0000                     int$flags	set	btemp
   400  0000                     wtemp8	set	btemp+1
   401  0000                     ttemp5	set	btemp+1
   402  0000                     ttemp6	set	btemp+4
   403  0000                     ttemp7	set	btemp+8
   404                           tosu	equ	0xFFF
   405                           tosh	equ	0xFFE
   406                           tosl	equ	0xFFD
   407                           stkptr	equ	0xFFC
   408                           pclatu	equ	0xFFB
   409                           pclath	equ	0xFFA
   410                           pcl	equ	0xFF9
   411                           tblptru	equ	0xFF8
   412                           tblptrh	equ	0xFF7
   413                           tblptrl	equ	0xFF6
   414                           tablat	equ	0xFF5
   415                           prodh	equ	0xFF4
   416                           prodl	equ	0xFF3
   417                           indf0	equ	0xFEF
   418                           postinc0	equ	0xFEE
   419                           postdec0	equ	0xFED
   420                           preinc0	equ	0xFEC
   421                           plusw0	equ	0xFEB
   422                           fsr0h	equ	0xFEA
   423                           fsr0l	equ	0xFE9
   424                           wreg	equ	0xFE8
   425                           indf1	equ	0xFE7
   426                           postinc1	equ	0xFE6
   427                           postdec1	equ	0xFE5
   428                           preinc1	equ	0xFE4
   429                           plusw1	equ	0xFE3
   430                           fsr1h	equ	0xFE2
   431                           fsr1l	equ	0xFE1
   432                           bsr	equ	0xFE0
   433                           indf2	equ	0xFDF
   434                           postinc2	equ	0xFDE
   435                           postdec2	equ	0xFDD
   436                           preinc2	equ	0xFDC
   437                           plusw2	equ	0xFDB
   438                           fsr2h	equ	0xFDA
   439                           fsr2l	equ	0xFD9
   440                           status	equ	0xFD8


Data Sizes:
    Strings     0
    Constant    0
    Data        0
    BSS         6
    Persistent  0
    Stack       0

Auto Spaces:
    Space          Size  Autos    Used
    COMRAM          126      0       6
    BANK0           128      0       0
    BANK1           256      0       0
    BANK2           256      0       0
    BANK3           256      0       0
    BANK4           256      0       0
    BANK5           244      0       0

Pointer List with Targets:

    None.

Critical Paths under _main in COMRAM

    None.

Critical Paths under _Hi_ISR in COMRAM

    None.

Critical Paths under _main in BANK0

    None.

Critical Paths under _Hi_ISR in BANK0

    None.

Critical Paths under _main in BANK1

    None.

Critical Paths under _Hi_ISR in BANK1

    None.

Critical Paths under _main in BANK2

    None.

Critical Paths under _Hi_ISR in BANK2

    None.

Critical Paths under _main in BANK3

    None.

Critical Paths under _Hi_ISR in BANK3

    None.

Critical Paths under _main in BANK4

    None.

Critical Paths under _Hi_ISR in BANK4

    None.

Critical Paths under _main in BANK5

    None.

Critical Paths under _Hi_ISR in BANK5

    None.

Call Graph Tables:

 ---------------------------------------------------------------------------------
 (Depth) Function   	        Calls       Base Space   Used Autos Params    Refs
 ---------------------------------------------------------------------------------
 (0) _main                                                 0     0      0       0
 ---------------------------------------------------------------------------------
 Estimated maximum stack depth 0
 ---------------------------------------------------------------------------------
 (Depth) Function   	        Calls       Base Space   Used Autos Params    Refs
 ---------------------------------------------------------------------------------
 (1) _Hi_ISR                                               0     0      0       0
 ---------------------------------------------------------------------------------
 Estimated maximum stack depth 1
 ---------------------------------------------------------------------------------

 Call Graph Graphs:

 _main (ROOT)

 _Hi_ISR (ROOT)

 Address spaces:
Name               Size   Autos  Total    Cost      Usage
BIGRAM             5F3      0       0      16        0.0%
EEDATA             100      0       0       0        0.0%
BITBANK4           100      0       0      11        0.0%
BANK4              100      0       0      12        0.0%
BITBANK3           100      0       0       9        0.0%
BANK3              100      0       0      10        0.0%
BITBANK2           100      0       0       7        0.0%
BANK2              100      0       0       8        0.0%
BITBANK1           100      0       0       5        0.0%
BANK1              100      0       0       6        0.0%
BITBANK5            F4      0       0      15        0.0%
BANK5               F4      0       0      13        0.0%
BITBANK0            80      0       0       3        0.0%
BANK0               80      0       0       4        0.0%
BITCOMRAM           7E      0       0       0        0.0%
COMRAM              7E      0       6       1        4.8%
BITSFR_5             0      0       0     200        0.0%
SFR_5                0      0       0     200        0.0%
BITSFR_4             0      0       0     200        0.0%
SFR_4                0      0       0     200        0.0%
BITSFR_3             0      0       0     200        0.0%
SFR_3                0      0       0     200        0.0%
BITSFR_2             0      0       0     200        0.0%
SFR_2                0      0       0     200        0.0%
BITSFR_1             0      0       0     200        0.0%
SFR_1                0      0       0     200        0.0%
BITSFR               0      0       0     200        0.0%
SFR                  0      0       0     200        0.0%
STACK                0      0       0       2        0.0%
NULL                 0      0       0       0        0.0%
ABS                  0      0       6      14        0.0%
DATA                 0      0       6      17        0.0%
CODE                 0      0       0       0        0.0%


Microchip Technology PIC18 Macro Assembler V2.10 build 88905656 
Symbol Table                                                                                   Wed Jan 15 21:47:03 2020

                      _i 0005                        _j 0003                        _k 0001  
                     l47 00B8                       l49 00CE                       u10 0066  
                     u11 0062                       u20 0080                       u21 007C  
                     u30 00B0                       u31 00AC                       u40 00C6  
                     u41 00C2                       u67 008A              __CFG_BORV$3 000000  
           __CFG_CP0$OFF 000000             __CFG_CP1$OFF 000000             __CFG_CP2$OFF 000000  
           __CFG_CP3$OFF 000000                      l741 002C                      l751 0036  
                    l743 002E                      l735 0012                      l761 0088  
                    l753 0058                      l745 0030                      l737 001E  
                    l771 00A2                      l763 008E                      l755 0066  
                    l747 0032                      l739 002A                      l773 00B0  
                    l765 0090                      l757 0080                      l749 0034  
                    l775 00C6                      l759 0084                      l767 0096  
                    l769 009E             __CFG_CPB$OFF 000000                      _PR2 000FCB  
           __CFG_CPD$OFF 000000                      wreg 000FE8             __CFG_IESO$ON 000000  
           __CFG_LVP$OFF 000000             __CFG_WDT$OFF 000000                     i2l59 00F8  
           __CFG_WDTPS$1 000000                     _main 0012                     btemp 0007  
                   start 000E            __CFG_MCLRE$ON 000000             ___param_bank 000000  
                  ?_main 0000                    i2l781 00F2                    i2l777 00DC  
                  i2l779 00EA                    _PORTB 000F81                    _TRISC 000F94  
                  _TRISD 000F95            __CFG_PWRT$OFF 000000            __CFG_WRT0$OFF 000000  
          __CFG_WRT1$OFF 000000            __CFG_WRT2$OFF 000000            __CFG_WRT3$OFF 000000  
         __CFG_EBTR0$OFF 000000           __CFG_FCMEN$OFF 000000           __CFG_EBTR1$OFF 000000  
         __CFG_EBTR2$OFF 000000           __CFG_EBTR3$OFF 000000            __CFG_WRTB$OFF 000000  
          __CFG_WRTC$OFF 000000            __CFG_WRTD$OFF 000000           __CFG_EBTRB$OFF 000000  
                  ttemp5 0008                    ttemp6 000B                    ttemp7 000F  
                  status 000FD8                    wtemp8 0008          __initialization 00FC  
           __end_of_main 00DA                   ??_main 0000            __activetblptr 000000  
                 _CCPR1L 000FBE                   i2u5_40 00EA                   i2u5_41 00E6  
                 _Hi_ISR 0008           __CFG_XINST$OFF 000000           __CFG_STVREN$ON 000000  
             __accesstop 0080  __end_of__initialization 0108          __CFG_PBADEN$OFF 000000  
          ___rparam_used 000001           __pcstackCOMRAM 0000                  ?_Hi_ISR 0000  
        __size_of_Hi_ISR 00F4                  __Hparam 0000                  __Lparam 0000  
                __pcinit 00FC                  __ramtop 0600                  __ptext0 0012  
              _T2CONbits 000FCA           __pintcode_body 00DA     end_of_initialization 0108  
                int_func 00DA                _PORTBbits 000F81                _PORTDbits 000F83  
              _TRISBbits 000F93                _TRISDbits 000F95              _CCP1CONbits 000FBD  
         __end_of_Hi_ISR 00FC      start_initialization 00FC         __CFG_OSC$INTIO67 000000  
               ??_Hi_ISR 0000         __CFG_LPT1OSC$OFF 000000              __pbssCOMRAM 0001  
      __CFG_CCP2MX$PORTC 000000                __pintcode 0008                 _LATDbits 000F8C  
               _RCONbits 000FD0                 __Hrparam 0000                 __Lrparam 0000  
     __CFG_BOREN$SBORDIS 000000            __size_of_main 00C8                 int$flags 0007  
             _INTCONbits 000FF2                 intlevel2 0000               _OSCCONbits 000FD3  
